<?xml version="1.0" encoding="UTF-8"?>
<!-- Generated by org.testng.reporters.JUnitReportReporter -->
<testsuite hostname="swapnitapc" failures="0" tests="2" name="Testng.Loginpagefb" time="12.577" errors="0" timestamp="2023-03-27T22:33:11 IST" skipped="0">
  <testcase classname="Testng.Loginpagefb" name="verifyLoginPageFunction" time="9.722"/>
  <system-out/>
  <testcase classname="Testng.Loginpagefb" name="verifyLoginPage" time="2.855"/>
  <system-out/>
</testsuite> <!-- Testng.Loginpagefb -->
